[2026_02_25_21_03_30] Training started.
[2026_02_25_21_03_34] Epoch [1/3]
[2026_02_25_21_03_34]   Train Loss: 0.4524, Train Acc: 0.8144
[2026_02_25_21_03_34]   Val   Loss: 0.3682, Val   Acc: 0.7841
[2026_02_25_21_03_34]   Best model saved with val_loss: 0.3682
[2026_02_25_21_03_36] Epoch [2/3]
[2026_02_25_21_03_36]   Train Loss: 0.1804, Train Acc: 0.9897
[2026_02_25_21_03_36]   Val   Loss: 0.2901, Val   Acc: 0.8182
[2026_02_25_21_03_36]   Best model saved with val_loss: 0.2901
[2026_02_25_21_03_38] Epoch [3/3]
[2026_02_25_21_03_38]   Train Loss: 0.1394, Train Acc: 0.9897
[2026_02_25_21_03_38]   Val   Loss: 0.1771, Val   Acc: 0.9318
[2026_02_25_21_03_39]   Best model saved with val_loss: 0.1771
[2026_02_25_21_03_39] 
========== BEST MODEL SUMMARY ==========
[2026_02_25_21_03_39] Best Epoch      : 3
[2026_02_25_21_03_39] Val Loss        : 0.1771
[2026_02_25_21_03_39] ========================================
[2026_02_25_21_20_32] Training started.
[2026_02_25_21_20_35] Epoch [1/3]
[2026_02_25_21_20_35]   Train Loss: 0.7164, Train Acc: 0.5670
[2026_02_25_21_20_35]   Val   Loss: 1.8838, Val   Acc: 0.0455
[2026_02_25_21_20_35]   Best model saved with val_loss: 1.8838
[2026_02_25_21_20_38] Epoch [2/3]
[2026_02_25_21_20_38]   Train Loss: 0.4272, Train Acc: 0.8247
[2026_02_25_21_20_38]   Val   Loss: 4.1597, Val   Acc: 0.0455
[2026_02_25_21_20_38]   No improvement. Early stopping counter: 1/2
[2026_02_25_21_20_41] Epoch [3/3]
[2026_02_25_21_20_41]   Train Loss: 0.3418, Train Acc: 0.8660
[2026_02_25_21_20_41]   Val   Loss: 4.9693, Val   Acc: 0.0000
[2026_02_25_21_20_41]   No improvement. Early stopping counter: 2/2
[2026_02_25_21_20_41]   Early stopping triggered. Training stopped.
[2026_02_25_21_20_41] 
========== BEST MODEL SUMMARY ==========
[2026_02_25_21_20_41] Best Epoch      : 1
[2026_02_25_21_20_41] Val Loss        : 1.8838
[2026_02_25_21_20_41] ========================================
[2026_02_25_21_34_07] Training started.
[2026_02_25_21_34_10] Epoch [1/3]
[2026_02_25_21_34_10]   Train Loss: 0.6218, Train Acc: 0.6598
[2026_02_25_21_34_10]   Val   Loss: 1.1900, Val   Acc: 0.5114
[2026_02_25_21_34_10]   Best model saved with val_loss: 1.1900
[2026_02_25_21_34_12] Epoch [2/3]
[2026_02_25_21_34_12]   Train Loss: 0.5026, Train Acc: 0.7835
[2026_02_25_21_34_12]   Val   Loss: 1.9541, Val   Acc: 0.5114
[2026_02_25_21_34_12]   No improvement. Early stopping counter: 1/2
[2026_02_25_21_34_14] Epoch [3/3]
[2026_02_25_21_34_14]   Train Loss: 0.3291, Train Acc: 0.9072
[2026_02_25_21_34_14]   Val   Loss: 1.4952, Val   Acc: 0.4659
[2026_02_25_21_34_14]   No improvement. Early stopping counter: 2/2
[2026_02_25_21_34_14]   Early stopping triggered. Training stopped.
[2026_02_25_21_34_14] 
========== BEST MODEL SUMMARY ==========
[2026_02_25_21_34_14] Best Epoch      : 1
[2026_02_25_21_34_14] Val Loss        : 1.1900
[2026_02_25_21_34_14] ========================================
[2026_02_25_21_37_04] Training started.
[2026_02_25_21_37_06] Epoch [1/3]
[2026_02_25_21_37_06]   Train Loss: 0.6598, Train Acc: 0.6701
[2026_02_25_21_37_06]   Val   Loss: 1.1323, Val   Acc: 0.5114
[2026_02_25_21_37_06]   Best model saved with val_loss: 1.1323
[2026_02_25_21_37_08] Epoch [2/3]
[2026_02_25_21_37_08]   Train Loss: 0.3749, Train Acc: 0.8763
[2026_02_25_21_37_08]   Val   Loss: 1.2771, Val   Acc: 0.5114
[2026_02_25_21_37_08]   No improvement. Early stopping counter: 1/2
[2026_02_25_21_37_10] Epoch [3/3]
[2026_02_25_21_37_10]   Train Loss: 0.2745, Train Acc: 0.9175
[2026_02_25_21_37_10]   Val   Loss: 1.6719, Val   Acc: 0.5114
[2026_02_25_21_37_10]   No improvement. Early stopping counter: 2/2
[2026_02_25_21_37_10]   Early stopping triggered. Training stopped.
[2026_02_25_21_37_10] 
========== BEST MODEL SUMMARY ==========
[2026_02_25_21_37_10] Best Epoch      : 1
[2026_02_25_21_37_10] Val Loss        : 1.1323
[2026_02_25_21_37_10] ========================================
[2026_02_25_22_27_55] Training started.
[2026_02_25_22_27_58] Epoch [1/3]
[2026_02_25_22_27_58]   Train Loss: 0.5340, Train Acc: 0.7835
[2026_02_25_22_27_58]   Val   Loss: 0.5350, Val   Acc: 0.7159
[2026_02_25_22_27_58]   Best model saved with val_loss: 0.5350
[2026_02_25_22_28_00] Epoch [2/3]
[2026_02_25_22_28_00]   Train Loss: 0.1264, Train Acc: 1.0000
[2026_02_25_22_28_00]   Val   Loss: 0.2967, Val   Acc: 0.8977
[2026_02_25_22_28_00]   Best model saved with val_loss: 0.2967
[2026_02_25_22_28_03] Epoch [3/3]
[2026_02_25_22_28_03]   Train Loss: 0.1182, Train Acc: 0.9897
[2026_02_25_22_28_03]   Val   Loss: 0.2439, Val   Acc: 0.9205
[2026_02_25_22_28_03]   Best model saved with val_loss: 0.2439
[2026_02_25_22_28_03] 
========== BEST MODEL SUMMARY ==========
[2026_02_25_22_28_03] Best Epoch      : 3
[2026_02_25_22_28_03] Val Loss        : 0.2439
[2026_02_25_22_28_03] ========================================
[2026_02_25_22_29_19] Training started.
[2026_02_25_22_29_21] Epoch [1/3]
[2026_02_25_22_29_21]   Train Loss: 0.6919, Train Acc: 0.6289
[2026_02_25_22_29_21]   Val   Loss: 1.0431, Val   Acc: 0.5114
[2026_02_25_22_29_21]   Best model saved with val_loss: 1.0431
[2026_02_25_22_29_23] Epoch [2/3]
[2026_02_25_22_29_23]   Train Loss: 0.4816, Train Acc: 0.7835
[2026_02_25_22_29_23]   Val   Loss: 1.2161, Val   Acc: 0.2159
[2026_02_25_22_29_23]   No improvement. Early stopping counter: 1/2
[2026_02_25_22_29_25] Epoch [3/3]
[2026_02_25_22_29_25]   Train Loss: 0.2763, Train Acc: 0.8763
[2026_02_25_22_29_25]   Val   Loss: 0.8910, Val   Acc: 0.1023
[2026_02_25_22_29_25]   Best model saved with val_loss: 0.8910
[2026_02_25_22_29_25] 
========== BEST MODEL SUMMARY ==========
[2026_02_25_22_29_25] Best Epoch      : 3
[2026_02_25_22_29_25] Val Loss        : 0.8910
[2026_02_25_22_29_25] ========================================
[2026_02_25_22_56_25] Training started.
[2026_02_25_22_56_28] Epoch [1/3]
[2026_02_25_22_56_28]   Train Loss: 0.2731, Train Acc: 0.8636
[2026_02_25_22_56_28]   Val   Loss: 0.8181, Val   Acc: 0.5155
[2026_02_25_22_57_10] Training started.
[2026_02_25_22_57_13] Epoch [1/3]
[2026_02_25_22_57_13]   Train Loss: 0.2181, Train Acc: 0.8977
[2026_02_25_22_57_13]   Val   Loss: 0.8396, Val   Acc: 0.4845
[2026_02_25_22_57_13]   Best model saved with val_loss: 0.8396
[2026_02_25_22_57_15] Epoch [2/3]
[2026_02_25_22_57_15]   Train Loss: 0.0124, Train Acc: 1.0000
[2026_02_25_22_57_15]   Val   Loss: 0.7480, Val   Acc: 0.4742
[2026_02_25_22_57_15]   Best model saved with val_loss: 0.7480
[2026_02_25_22_57_17] Epoch [3/3]
[2026_02_25_22_57_17]   Train Loss: 0.0030, Train Acc: 1.0000
[2026_02_25_22_57_17]   Val   Loss: 1.1106, Val   Acc: 0.4845
[2026_02_25_22_57_17]   No improvement. Early stopping counter: 1/2
[2026_02_25_22_57_17] 
========== BEST MODEL SUMMARY ==========
[2026_02_25_22_57_17] Best Epoch      : 2
[2026_02_25_22_57_17] Val Loss        : 0.7480
[2026_02_25_22_57_17] ========================================
[2026_02_25_22_58_00] Training started.
[2026_02_25_22_58_03] Epoch [1/3]
[2026_02_25_22_58_03]   Train Loss: 0.4303, Train Acc: 0.7273
[2026_02_25_22_58_03]   Val   Loss: 0.5294, Val   Acc: 0.7423
[2026_02_25_22_58_03]   Best model saved with val_loss: 0.5294
[2026_02_25_22_58_05] Epoch [2/3]
[2026_02_25_22_58_05]   Train Loss: 0.0206, Train Acc: 1.0000
[2026_02_25_22_58_05]   Val   Loss: 0.6374, Val   Acc: 0.6495
[2026_02_25_22_58_05]   No improvement. Early stopping counter: 1/2
[2026_02_25_22_58_08] Epoch [3/3]
[2026_02_25_22_58_08]   Train Loss: 0.0040, Train Acc: 1.0000
[2026_02_25_22_58_08]   Val   Loss: 0.7336, Val   Acc: 0.6186
[2026_02_25_22_58_08]   No improvement. Early stopping counter: 2/2
[2026_02_25_22_58_08]   Early stopping triggered. Training stopped.
[2026_02_25_22_58_08] 
========== BEST MODEL SUMMARY ==========
[2026_02_25_22_58_08] Best Epoch      : 1
[2026_02_25_22_58_08] Val Loss        : 0.5294
[2026_02_25_22_58_08] ========================================
