[2026_02_21_22_20_28] Train Dataset Size: 53691
[2026_02_21_22_20_28] Train Dataset Stats: AP=33303, PA=20388
[2026_02_21_22_20_28] Val Dataset Size: 4186
[2026_02_21_22_20_28] Val Dataset Stats: AP=2911, PA=1275
[2026_02_21_22_20_28] Training started.
[2026_02_21_22_22_18] Epoch [1/5]
[2026_02_21_22_22_18]   Train Loss: 0.1024, Train Acc: 0.9643
[2026_02_21_22_22_18]   Val   Loss: 0.1286, Val   Acc: 0.9584
[2026_02_21_22_22_18]   Best model saved with val_loss: 0.1286
[2026_02_21_22_24_08] Epoch [2/5]
[2026_02_21_22_24_08]   Train Loss: 0.0509, Train Acc: 0.9837
[2026_02_21_22_24_08]   Val   Loss: 0.1711, Val   Acc: 0.9431
[2026_02_21_22_24_08]   No improvement. Early stopping counter: 1/3
[2026_02_21_22_25_58] Epoch [3/5]
[2026_02_21_22_25_58]   Train Loss: 0.0371, Train Acc: 0.9879
[2026_02_21_22_25_58]   Val   Loss: 0.1203, Val   Acc: 0.9591
[2026_02_21_22_25_58]   Best model saved with val_loss: 0.1203
[2026_02_21_22_27_48] Epoch [4/5]
[2026_02_21_22_27_48]   Train Loss: 0.0290, Train Acc: 0.9903
[2026_02_21_22_27_48]   Val   Loss: 0.1013, Val   Acc: 0.9709
[2026_02_21_22_27_48]   Best model saved with val_loss: 0.1013
[2026_02_21_22_29_38] Epoch [5/5]
[2026_02_21_22_29_38]   Train Loss: 0.0199, Train Acc: 0.9930
[2026_02_21_22_29_38]   Val   Loss: 0.1059, Val   Acc: 0.9596
[2026_02_21_22_29_38]   No improvement. Early stopping counter: 1/3
[2026_02_21_22_29_38] 
========== BEST MODEL SUMMARY ==========
[2026_02_21_22_29_38] Best Epoch      : 4
[2026_02_21_22_29_38] Val Loss        : 0.1013
[2026_02_21_22_29_38] ========================================
