[2026_02_22_17_13_24] Train Dataset Size: 53691
[2026_02_22_17_13_24] Train Dataset Stats: AP=33303, PA=20388
[2026_02_22_17_13_24] Val Dataset Size: 4186
[2026_02_22_17_13_24] Val Dataset Stats: AP=2911, PA=1275
[2026_02_22_17_13_24] Training started.
[2026_02_22_17_15_43] Epoch [1/5]
[2026_02_22_17_15_43]   Train Loss: 0.0995, Train Acc: 0.9672
[2026_02_22_17_15_43]   Val   Loss: 0.1354, Val   Acc: 0.9546
[2026_02_22_17_15_43]   Best model saved with val_loss: 0.1354
[2026_02_22_17_18_00] Epoch [2/5]
[2026_02_22_17_18_00]   Train Loss: 0.0516, Train Acc: 0.9837
[2026_02_22_17_18_00]   Val   Loss: 0.1124, Val   Acc: 0.9637
[2026_02_22_17_18_00]   Best model saved with val_loss: 0.1124
[2026_02_22_17_20_16] Epoch [3/5]
[2026_02_22_17_20_16]   Train Loss: 0.0346, Train Acc: 0.9887
[2026_02_22_17_20_16]   Val   Loss: 0.1038, Val   Acc: 0.9639
[2026_02_22_17_20_16]   Best model saved with val_loss: 0.1038
[2026_02_22_17_22_34] Epoch [4/5]
[2026_02_22_17_22_34]   Train Loss: 0.0282, Train Acc: 0.9906
[2026_02_22_17_22_34]   Val   Loss: 0.1182, Val   Acc: 0.9625
[2026_02_22_17_22_34]   No improvement. Early stopping counter: 1/3
[2026_02_22_17_24_50] Epoch [5/5]
[2026_02_22_17_24_50]   Train Loss: 0.0214, Train Acc: 0.9922
[2026_02_22_17_24_50]   Val   Loss: 0.1125, Val   Acc: 0.9682
[2026_02_22_17_24_50]   No improvement. Early stopping counter: 2/3
[2026_02_22_17_24_50] 
========== BEST MODEL SUMMARY ==========
[2026_02_22_17_24_50] Best Epoch      : 3
[2026_02_22_17_24_50] Val Loss        : 0.1038
[2026_02_22_17_24_50] ========================================
