[2026_02_21_21_51_51] Train Dataset Size: 53691
[2026_02_21_21_51_51] Train Dataset Stats: AP=33303, PA=20388
[2026_02_21_21_51_51] Val Dataset Size: 4186
[2026_02_21_21_51_51] Val Dataset Stats: AP=2911, PA=1275
[2026_02_21_21_51_51] Training started.
[2026_02_21_21_54_12] Epoch [1/5]
[2026_02_21_21_54_12]   Train Loss: 0.1175, Train Acc: 0.9604
[2026_02_21_21_54_12]   Val   Loss: 0.1278, Val   Acc: 0.9623
[2026_02_21_21_54_12]   Best model saved with val_loss: 0.1278
[2026_02_21_21_56_16] Epoch [2/5]
[2026_02_21_21_56_16]   Train Loss: 0.0691, Train Acc: 0.9783
[2026_02_21_21_56_16]   Val   Loss: 0.1200, Val   Acc: 0.9646
[2026_02_21_21_56_16]   Best model saved with val_loss: 0.1200
[2026_02_21_21_58_10] Epoch [3/5]
[2026_02_21_21_58_10]   Train Loss: 0.0554, Train Acc: 0.9827
[2026_02_21_21_58_10]   Val   Loss: 0.1052, Val   Acc: 0.9668
[2026_02_21_21_58_10]   Best model saved with val_loss: 0.1052
[2026_02_21_22_00_04] Epoch [4/5]
[2026_02_21_22_00_04]   Train Loss: 0.0434, Train Acc: 0.9858
[2026_02_21_22_00_04]   Val   Loss: 0.1025, Val   Acc: 0.9680
[2026_02_21_22_00_04]   Best model saved with val_loss: 0.1025
[2026_02_21_22_01_58] Epoch [5/5]
[2026_02_21_22_01_58]   Train Loss: 0.0350, Train Acc: 0.9889
[2026_02_21_22_01_58]   Val   Loss: 0.1076, Val   Acc: 0.9680
[2026_02_21_22_01_58]   No improvement. Early stopping counter: 1/3
[2026_02_21_22_01_58] 
========== BEST MODEL SUMMARY ==========
[2026_02_21_22_01_58] Best Epoch      : 4
[2026_02_21_22_01_58] Val Loss        : 0.1025
[2026_02_21_22_01_58] ========================================
