[2026_02_21_22_01_59] Train Dataset Size: 53691
[2026_02_21_22_01_59] Train Dataset Stats: AP=33303, PA=20388
[2026_02_21_22_01_59] Val Dataset Size: 4186
[2026_02_21_22_01_59] Val Dataset Stats: AP=2911, PA=1275
[2026_02_21_22_01_59] Training started.
[2026_02_21_22_03_50] Epoch [1/5]
[2026_02_21_22_03_50]   Train Loss: 0.1145, Train Acc: 0.9615
[2026_02_21_22_03_50]   Val   Loss: 0.1245, Val   Acc: 0.9634
[2026_02_21_22_03_50]   Best model saved with val_loss: 0.1245
[2026_02_21_22_05_42] Epoch [2/5]
[2026_02_21_22_05_42]   Train Loss: 0.0639, Train Acc: 0.9794
[2026_02_21_22_05_42]   Val   Loss: 0.1065, Val   Acc: 0.9642
[2026_02_21_22_05_42]   Best model saved with val_loss: 0.1065
[2026_02_21_22_07_34] Epoch [3/5]
[2026_02_21_22_07_34]   Train Loss: 0.0491, Train Acc: 0.9842
[2026_02_21_22_07_34]   Val   Loss: 0.1274, Val   Acc: 0.9539
[2026_02_21_22_07_34]   No improvement. Early stopping counter: 1/3
[2026_02_21_22_09_25] Epoch [4/5]
[2026_02_21_22_09_25]   Train Loss: 0.0387, Train Acc: 0.9874
[2026_02_21_22_09_25]   Val   Loss: 0.0959, Val   Acc: 0.9646
[2026_02_21_22_09_25]   Best model saved with val_loss: 0.0959
[2026_02_21_22_11_16] Epoch [5/5]
[2026_02_21_22_11_16]   Train Loss: 0.0318, Train Acc: 0.9899
[2026_02_21_22_11_16]   Val   Loss: 0.1115, Val   Acc: 0.9625
[2026_02_21_22_11_16]   No improvement. Early stopping counter: 1/3
[2026_02_21_22_11_16] 
========== BEST MODEL SUMMARY ==========
[2026_02_21_22_11_16] Best Epoch      : 4
[2026_02_21_22_11_16] Val Loss        : 0.0959
[2026_02_21_22_11_16] ========================================
