[2026_02_21_22_29_39] Train Dataset Size: 53691
[2026_02_21_22_29_39] Train Dataset Stats: AP=33303, PA=20388
[2026_02_21_22_29_39] Val Dataset Size: 4186
[2026_02_21_22_29_39] Val Dataset Stats: AP=2911, PA=1275
[2026_02_21_22_29_39] Training started.
[2026_02_21_22_34_17] Epoch [1/5]
[2026_02_21_22_34_17]   Train Loss: 0.1066, Train Acc: 0.9646
[2026_02_21_22_34_17]   Val   Loss: 0.1582, Val   Acc: 0.9462
[2026_02_21_22_34_17]   Best model saved with val_loss: 0.1582
[2026_02_21_22_38_55] Epoch [2/5]
[2026_02_21_22_38_55]   Train Loss: 0.0488, Train Acc: 0.9846
[2026_02_21_22_38_55]   Val   Loss: 0.1116, Val   Acc: 0.9651
[2026_02_21_22_38_55]   Best model saved with val_loss: 0.1116
[2026_02_21_22_43_33] Epoch [3/5]
[2026_02_21_22_43_33]   Train Loss: 0.0354, Train Acc: 0.9882
[2026_02_21_22_43_33]   Val   Loss: 0.1110, Val   Acc: 0.9651
[2026_02_21_22_43_33]   Best model saved with val_loss: 0.1110
[2026_02_21_22_48_11] Epoch [4/5]
[2026_02_21_22_48_11]   Train Loss: 0.0256, Train Acc: 0.9909
[2026_02_21_22_48_11]   Val   Loss: 0.1164, Val   Acc: 0.9565
[2026_02_21_22_48_11]   No improvement. Early stopping counter: 1/3
[2026_02_21_22_52_50] Epoch [5/5]
[2026_02_21_22_52_50]   Train Loss: 0.0195, Train Acc: 0.9932
[2026_02_21_22_52_50]   Val   Loss: 0.1604, Val   Acc: 0.9453
[2026_02_21_22_52_50]   No improvement. Early stopping counter: 2/3
[2026_02_21_22_52_50] 
========== BEST MODEL SUMMARY ==========
[2026_02_21_22_52_50] Best Epoch      : 3
[2026_02_21_22_52_50] Val Loss        : 0.1110
[2026_02_21_22_52_50] ========================================
