[2026_02_22_17_24_51] Train Dataset Size: 53691
[2026_02_22_17_24_51] Train Dataset Stats: AP=33303, PA=20388
[2026_02_22_17_24_51] Val Dataset Size: 4186
[2026_02_22_17_24_51] Val Dataset Stats: AP=2911, PA=1275
[2026_02_22_17_24_51] Training started.
[2026_02_22_17_35_00] Epoch [1/5]
[2026_02_22_17_35_00]   Train Loss: 0.1112, Train Acc: 0.9612
[2026_02_22_17_35_00]   Val   Loss: 0.1167, Val   Acc: 0.9625
[2026_02_22_17_35_00]   Best model saved with val_loss: 0.1167
[2026_02_22_17_45_13] Epoch [2/5]
[2026_02_22_17_45_13]   Train Loss: 0.0503, Train Acc: 0.9838
[2026_02_22_17_45_13]   Val   Loss: 0.1222, Val   Acc: 0.9544
[2026_02_22_17_45_13]   No improvement. Early stopping counter: 1/3
[2026_02_22_17_55_24] Epoch [3/5]
[2026_02_22_17_55_24]   Train Loss: 0.0335, Train Acc: 0.9891
[2026_02_22_17_55_24]   Val   Loss: 0.1075, Val   Acc: 0.9670
[2026_02_22_17_55_24]   Best model saved with val_loss: 0.1075
[2026_02_22_18_05_35] Epoch [4/5]
[2026_02_22_18_05_35]   Train Loss: 0.0244, Train Acc: 0.9916
[2026_02_22_18_05_35]   Val   Loss: 0.1062, Val   Acc: 0.9666
[2026_02_22_18_05_35]   Best model saved with val_loss: 0.1062
[2026_02_22_18_15_44] Epoch [5/5]
[2026_02_22_18_15_44]   Train Loss: 0.0180, Train Acc: 0.9933
[2026_02_22_18_15_44]   Val   Loss: 0.1171, Val   Acc: 0.9680
[2026_02_22_18_15_44]   No improvement. Early stopping counter: 1/3
[2026_02_22_18_15_44] 
========== BEST MODEL SUMMARY ==========
[2026_02_22_18_15_44] Best Epoch      : 4
[2026_02_22_18_15_44] Val Loss        : 0.1062
[2026_02_22_18_15_44] ========================================
