[2026_02_21_22_52_50] Train Dataset Size: 53691
[2026_02_21_22_52_50] Train Dataset Stats: AP=33303, PA=20388
[2026_02_21_22_52_50] Val Dataset Size: 4186
[2026_02_21_22_52_50] Val Dataset Stats: AP=2911, PA=1275
[2026_02_21_22_52_50] Training started.
[2026_02_21_22_58_32] Epoch [1/5]
[2026_02_21_22_58_32]   Train Loss: 0.1084, Train Acc: 0.9632
[2026_02_21_22_58_32]   Val   Loss: 0.1646, Val   Acc: 0.9345
[2026_02_21_22_58_32]   Best model saved with val_loss: 0.1646
[2026_02_21_23_04_08] Epoch [2/5]
[2026_02_21_23_04_08]   Train Loss: 0.0513, Train Acc: 0.9833
[2026_02_21_23_04_08]   Val   Loss: 0.1038, Val   Acc: 0.9651
[2026_02_21_23_04_08]   Best model saved with val_loss: 0.1038
[2026_02_21_23_09_48] Epoch [3/5]
[2026_02_21_23_09_48]   Train Loss: 0.0317, Train Acc: 0.9897
[2026_02_21_23_09_48]   Val   Loss: 0.1235, Val   Acc: 0.9630
[2026_02_21_23_09_48]   No improvement. Early stopping counter: 1/3
[2026_02_21_23_15_25] Epoch [4/5]
[2026_02_21_23_15_25]   Train Loss: 0.0224, Train Acc: 0.9920
[2026_02_21_23_15_25]   Val   Loss: 0.1065, Val   Acc: 0.9656
[2026_02_21_23_15_25]   No improvement. Early stopping counter: 2/3
[2026_02_21_23_21_05] Epoch [5/5]
[2026_02_21_23_21_05]   Train Loss: 0.0156, Train Acc: 0.9946
[2026_02_21_23_21_05]   Val   Loss: 0.1930, Val   Acc: 0.9496
[2026_02_21_23_21_05]   No improvement. Early stopping counter: 3/3
[2026_02_21_23_21_05]   Early stopping triggered. Training stopped.
[2026_02_21_23_21_05] 
========== BEST MODEL SUMMARY ==========
[2026_02_21_23_21_05] Best Epoch      : 2
[2026_02_21_23_21_05] Val Loss        : 0.1038
[2026_02_21_23_21_05] ========================================
