[2026_02_21_21_41_30] Train Dataset Size: 53691
[2026_02_21_21_41_30] Train Dataset Stats: AP=33303, PA=20388
[2026_02_21_21_41_30] Val Dataset Size: 4186
[2026_02_21_21_41_30] Val Dataset Stats: AP=2911, PA=1275
[2026_02_21_21_41_30] Training started.
[2026_02_21_21_44_38] Epoch [1/5]
[2026_02_21_21_44_38]   Train Loss: 0.1261, Train Acc: 0.9570
[2026_02_21_21_44_38]   Val   Loss: 0.1220, Val   Acc: 0.9596
[2026_02_21_21_44_38]   Best model saved with val_loss: 0.1220
[2026_02_21_21_47_04] Epoch [2/5]
[2026_02_21_21_47_04]   Train Loss: 0.0764, Train Acc: 0.9765
[2026_02_21_21_47_04]   Val   Loss: 0.1319, Val   Acc: 0.9601
[2026_02_21_21_47_04]   No improvement. Early stopping counter: 1/3
[2026_02_21_21_49_27] Epoch [3/5]
[2026_02_21_21_49_27]   Train Loss: 0.0582, Train Acc: 0.9818
[2026_02_21_21_49_27]   Val   Loss: 0.1427, Val   Acc: 0.9651
[2026_02_21_21_49_27]   No improvement. Early stopping counter: 2/3
[2026_02_21_21_51_50] Epoch [4/5]
[2026_02_21_21_51_50]   Train Loss: 0.0462, Train Acc: 0.9852
[2026_02_21_21_51_50]   Val   Loss: 0.1306, Val   Acc: 0.9589
[2026_02_21_21_51_50]   No improvement. Early stopping counter: 3/3
[2026_02_21_21_51_50]   Early stopping triggered. Training stopped.
[2026_02_21_21_51_50] 
========== BEST MODEL SUMMARY ==========
[2026_02_21_21_51_50] Best Epoch      : 1
[2026_02_21_21_51_50] Val Loss        : 0.1220
[2026_02_21_21_51_50] ========================================
