[2026_02_22_16_34_25] Train Dataset Size: 53691
[2026_02_22_16_34_25] Train Dataset Stats: AP=33303, PA=20388
[2026_02_22_16_34_25] Val Dataset Size: 4186
[2026_02_22_16_34_25] Val Dataset Stats: AP=2911, PA=1275
[2026_02_22_16_34_25] Training started.
[2026_02_22_16_37_16] Epoch [1/5]
[2026_02_22_16_37_16]   Train Loss: 0.1124, Train Acc: 0.9621
[2026_02_22_16_37_16]   Val   Loss: 0.1409, Val   Acc: 0.9582
[2026_02_22_16_37_16]   Best model saved with val_loss: 0.1409
[2026_02_22_16_40_07] Epoch [2/5]
[2026_02_22_16_40_07]   Train Loss: 0.0693, Train Acc: 0.9782
[2026_02_22_16_40_07]   Val   Loss: 0.1288, Val   Acc: 0.9594
[2026_02_22_16_40_07]   Best model saved with val_loss: 0.1288
[2026_02_22_16_43_19] Epoch [3/5]
[2026_02_22_16_43_19]   Train Loss: 0.0556, Train Acc: 0.9823
[2026_02_22_16_43_19]   Val   Loss: 0.1312, Val   Acc: 0.9646
[2026_02_22_16_43_19]   No improvement. Early stopping counter: 1/3
[2026_02_22_16_46_16] Epoch [4/5]
[2026_02_22_16_46_16]   Train Loss: 0.0462, Train Acc: 0.9857
[2026_02_22_16_46_16]   Val   Loss: 0.1335, Val   Acc: 0.9572
[2026_02_22_16_46_16]   No improvement. Early stopping counter: 2/3
[2026_02_22_16_49_10] Epoch [5/5]
[2026_02_22_16_49_10]   Train Loss: 0.0382, Train Acc: 0.9882
[2026_02_22_16_49_10]   Val   Loss: 0.1483, Val   Acc: 0.9563
[2026_02_22_16_49_10]   No improvement. Early stopping counter: 3/3
[2026_02_22_16_49_10]   Early stopping triggered. Training stopped.
[2026_02_22_16_49_10] 
========== BEST MODEL SUMMARY ==========
[2026_02_22_16_49_10] Best Epoch      : 2
[2026_02_22_16_49_10] Val Loss        : 0.1288
[2026_02_22_16_49_10] ========================================
