[2026_02_16_00_04_32] Training started.
[2026_02_16_00_09_14] Epoch [1/5]
[2026_02_16_00_09_14]   Train Loss: 0.1227, Train Acc: 0.9593
[2026_02_16_00_09_14]   Val   Loss: 0.1580, Val   Acc: 0.9546
[2026_02_16_00_09_15]   Best model saved with val_loss: 0.1580
[2026_02_16_00_13_45] Epoch [2/5]
[2026_02_16_00_13_45]   Train Loss: 0.0782, Train Acc: 0.9755
[2026_02_16_00_13_45]   Val   Loss: 0.1504, Val   Acc: 0.9484
[2026_02_16_00_13_45]   Best model saved with val_loss: 0.1504
[2026_02_16_00_18_15] Epoch [3/5]
[2026_02_16_00_18_15]   Train Loss: 0.0673, Train Acc: 0.9791
[2026_02_16_00_18_15]   Val   Loss: 0.1221, Val   Acc: 0.9632
[2026_02_16_00_18_15]   Best model saved with val_loss: 0.1221
[2026_02_16_00_22_44] Epoch [4/5]
[2026_02_16_00_22_44]   Train Loss: 0.0541, Train Acc: 0.9835
[2026_02_16_00_22_44]   Val   Loss: 0.1189, Val   Acc: 0.9615
[2026_02_16_00_22_44]   Best model saved with val_loss: 0.1189
[2026_02_16_00_27_12] Epoch [5/5]
[2026_02_16_00_27_12]   Train Loss: 0.0454, Train Acc: 0.9854
[2026_02_16_00_27_12]   Val   Loss: 0.1137, Val   Acc: 0.9654
[2026_02_16_00_27_12]   Best model saved with val_loss: 0.1137
[2026_02_16_00_27_12] 
========== BEST MODEL SUMMARY ==========
[2026_02_16_00_27_12] Best Epoch      : 5
[2026_02_16_00_27_12] Val Loss        : 0.1137
[2026_02_16_00_27_12] ========================================
[2026_02_16_08_59_24] Training started.
[2026_02_16_09_03_51] Epoch [1/5]
[2026_02_16_09_03_51]   Train Loss: 0.1227, Train Acc: 0.9593
[2026_02_16_09_03_51]   Val   Loss: 0.1580, Val   Acc: 0.9546
[2026_02_16_09_03_51]   Best model saved with val_loss: 0.1580
[2026_02_16_09_08_17] Epoch [2/5]
[2026_02_16_09_08_17]   Train Loss: 0.0782, Train Acc: 0.9755
[2026_02_16_09_08_17]   Val   Loss: 0.1504, Val   Acc: 0.9484
[2026_02_16_09_08_17]   Best model saved with val_loss: 0.1504
[2026_02_16_09_12_40] Epoch [3/5]
[2026_02_16_09_12_40]   Train Loss: 0.0673, Train Acc: 0.9791
[2026_02_16_09_12_40]   Val   Loss: 0.1221, Val   Acc: 0.9632
[2026_02_16_09_12_40]   Best model saved with val_loss: 0.1221
[2026_02_16_09_17_04] Epoch [4/5]
[2026_02_16_09_17_04]   Train Loss: 0.0541, Train Acc: 0.9835
[2026_02_16_09_17_04]   Val   Loss: 0.1189, Val   Acc: 0.9615
[2026_02_16_09_17_04]   Best model saved with val_loss: 0.1189
[2026_02_16_09_21_28] Epoch [5/5]
[2026_02_16_09_21_28]   Train Loss: 0.0454, Train Acc: 0.9854
[2026_02_16_09_21_28]   Val   Loss: 0.1137, Val   Acc: 0.9654
[2026_02_16_09_21_28]   Best model saved with val_loss: 0.1137
[2026_02_16_09_21_28] 
========== BEST MODEL SUMMARY ==========
[2026_02_16_09_21_28] Best Epoch      : 5
[2026_02_16_09_21_28] Val Loss        : 0.1137
[2026_02_16_09_21_28] ========================================
