[2026_02_16_01_20_18] Training started.
[2026_02_16_01_51_31] Epoch [1/5]
[2026_02_16_01_51_31]   Train Loss: 0.1058, Train Acc: 0.9618
[2026_02_16_01_51_31]   Val   Loss: 0.1729, Val   Acc: 0.9460
[2026_02_16_01_51_31]   Best model saved with val_loss: 0.1729
[2026_02_16_02_23_07] Epoch [2/5]
[2026_02_16_02_23_07]   Train Loss: 0.0502, Train Acc: 0.9841
[2026_02_16_02_23_07]   Val   Loss: 0.1018, Val   Acc: 0.9675
[2026_02_16_02_23_07]   Best model saved with val_loss: 0.1018
[2026_02_16_02_54_30] Epoch [3/5]
[2026_02_16_02_54_30]   Train Loss: 0.0338, Train Acc: 0.9886
[2026_02_16_02_54_30]   Val   Loss: 0.1631, Val   Acc: 0.9515
[2026_02_16_02_54_30]   No improvement. Early stopping counter: 1/3
[2026_02_16_03_25_52] Epoch [4/5]
[2026_02_16_03_25_52]   Train Loss: 0.0281, Train Acc: 0.9904
[2026_02_16_03_25_52]   Val   Loss: 0.1442, Val   Acc: 0.9525
[2026_02_16_03_25_52]   No improvement. Early stopping counter: 2/3
[2026_02_16_03_57_14] Epoch [5/5]
[2026_02_16_03_57_14]   Train Loss: 0.0196, Train Acc: 0.9931
[2026_02_16_03_57_14]   Val   Loss: 0.1041, Val   Acc: 0.9661
[2026_02_16_03_57_14]   No improvement. Early stopping counter: 3/3
[2026_02_16_03_57_14]   Early stopping triggered. Training stopped.
[2026_02_16_03_57_14] 
========== BEST MODEL SUMMARY ==========
[2026_02_16_03_57_14] Best Epoch      : 2
[2026_02_16_03_57_14] Val Loss        : 0.1018
[2026_02_16_03_57_14] ========================================
[2026_02_16_10_14_56] Training started.
[2026_02_16_10_52_26] Epoch [1/5]
[2026_02_16_10_52_26]   Train Loss: 0.1050, Train Acc: 0.9623
[2026_02_16_10_52_26]   Val   Loss: 0.1383, Val   Acc: 0.9570
[2026_02_16_10_52_26]   Best model saved with val_loss: 0.1383
[2026_02_16_11_29_40] Epoch [2/5]
[2026_02_16_11_29_40]   Train Loss: 0.0501, Train Acc: 0.9837
[2026_02_16_11_29_40]   Val   Loss: 0.1609, Val   Acc: 0.9479
[2026_02_16_11_29_40]   No improvement. Early stopping counter: 1/3
[2026_02_16_12_06_57] Epoch [3/5]
[2026_02_16_12_06_57]   Train Loss: 0.0342, Train Acc: 0.9886
[2026_02_16_12_06_57]   Val   Loss: 0.1774, Val   Acc: 0.9465
[2026_02_16_12_06_57]   No improvement. Early stopping counter: 2/3
[2026_02_16_12_44_16] Epoch [4/5]
[2026_02_16_12_44_16]   Train Loss: 0.0262, Train Acc: 0.9910
[2026_02_16_12_44_16]   Val   Loss: 0.0995, Val   Acc: 0.9670
[2026_02_16_12_44_16]   Best model saved with val_loss: 0.0995
[2026_02_16_13_21_34] Epoch [5/5]
[2026_02_16_13_21_34]   Train Loss: 0.0206, Train Acc: 0.9927
[2026_02_16_13_21_34]   Val   Loss: 0.1224, Val   Acc: 0.9558
[2026_02_16_13_21_34]   No improvement. Early stopping counter: 1/3
[2026_02_16_13_21_34] 
========== BEST MODEL SUMMARY ==========
[2026_02_16_13_21_34] Best Epoch      : 4
[2026_02_16_13_21_34] Val Loss        : 0.0995
[2026_02_16_13_21_34] ========================================
