[2026_02_21_23_21_06] Train Dataset Size: 53691
[2026_02_21_23_21_06] Train Dataset Stats: AP=33303, PA=20388
[2026_02_21_23_21_06] Val Dataset Size: 4186
[2026_02_21_23_21_06] Val Dataset Stats: AP=2911, PA=1275
[2026_02_21_23_21_06] Training started.
[2026_02_21_23_30_23] Epoch [1/5]
[2026_02_21_23_30_23]   Train Loss: 0.1247, Train Acc: 0.9564
[2026_02_21_23_30_23]   Val   Loss: 0.1687, Val   Acc: 0.9419
[2026_02_21_23_30_24]   Best model saved with val_loss: 0.1687
[2026_02_21_23_39_33] Epoch [2/5]
[2026_02_21_23_39_33]   Train Loss: 0.0473, Train Acc: 0.9848
[2026_02_21_23_39_33]   Val   Loss: 0.1247, Val   Acc: 0.9613
[2026_02_21_23_39_33]   Best model saved with val_loss: 0.1247
[2026_02_21_23_48_43] Epoch [3/5]
[2026_02_21_23_48_43]   Train Loss: 0.0283, Train Acc: 0.9907
[2026_02_21_23_48_43]   Val   Loss: 0.1184, Val   Acc: 0.9582
[2026_02_21_23_48_43]   Best model saved with val_loss: 0.1184
[2026_02_21_23_57_52] Epoch [4/5]
[2026_02_21_23_57_52]   Train Loss: 0.0176, Train Acc: 0.9938
[2026_02_21_23_57_52]   Val   Loss: 0.1279, Val   Acc: 0.9618
[2026_02_21_23_57_52]   No improvement. Early stopping counter: 1/3
[2026_02_22_00_07_01] Epoch [5/5]
[2026_02_22_00_07_01]   Train Loss: 0.0129, Train Acc: 0.9952
[2026_02_22_00_07_01]   Val   Loss: 0.1707, Val   Acc: 0.9582
[2026_02_22_00_07_01]   No improvement. Early stopping counter: 2/3
[2026_02_22_00_07_01] 
========== BEST MODEL SUMMARY ==========
[2026_02_22_00_07_01] Best Epoch      : 3
[2026_02_22_00_07_01] Val Loss        : 0.1184
[2026_02_22_00_07_01] ========================================
