[2026_02_16_00_27_13] Training started.
[2026_02_16_00_31_02] Epoch [1/5]
[2026_02_16_00_31_02]   Train Loss: 0.1113, Train Acc: 0.9631
[2026_02_16_00_31_02]   Val   Loss: 0.1608, Val   Acc: 0.9539
[2026_02_16_00_31_02]   Best model saved with val_loss: 0.1608
[2026_02_16_00_34_48] Epoch [2/5]
[2026_02_16_00_34_48]   Train Loss: 0.0706, Train Acc: 0.9776
[2026_02_16_00_34_48]   Val   Loss: 0.1435, Val   Acc: 0.9651
[2026_02_16_00_34_48]   Best model saved with val_loss: 0.1435
[2026_02_16_00_38_33] Epoch [3/5]
[2026_02_16_00_38_33]   Train Loss: 0.0560, Train Acc: 0.9824
[2026_02_16_00_38_33]   Val   Loss: 0.1177, Val   Acc: 0.9620
[2026_02_16_00_38_33]   Best model saved with val_loss: 0.1177
[2026_02_16_00_42_18] Epoch [4/5]
[2026_02_16_00_42_18]   Train Loss: 0.0464, Train Acc: 0.9846
[2026_02_16_00_42_18]   Val   Loss: 0.1215, Val   Acc: 0.9644
[2026_02_16_00_42_18]   No improvement. Early stopping counter: 1/3
[2026_02_16_00_46_03] Epoch [5/5]
[2026_02_16_00_46_03]   Train Loss: 0.0377, Train Acc: 0.9880
[2026_02_16_00_46_03]   Val   Loss: 0.1146, Val   Acc: 0.9608
[2026_02_16_00_46_03]   Best model saved with val_loss: 0.1146
[2026_02_16_00_46_03] 
========== BEST MODEL SUMMARY ==========
[2026_02_16_00_46_03] Best Epoch      : 5
[2026_02_16_00_46_03] Val Loss        : 0.1146
[2026_02_16_00_46_03] ========================================
[2026_02_16_09_21_29] Training started.
[2026_02_16_09_25_16] Epoch [1/5]
[2026_02_16_09_25_16]   Train Loss: 0.1113, Train Acc: 0.9631
[2026_02_16_09_25_16]   Val   Loss: 0.1608, Val   Acc: 0.9539
[2026_02_16_09_25_17]   Best model saved with val_loss: 0.1608
[2026_02_16_09_29_03] Epoch [2/5]
[2026_02_16_09_29_03]   Train Loss: 0.0706, Train Acc: 0.9776
[2026_02_16_09_29_03]   Val   Loss: 0.1435, Val   Acc: 0.9651
[2026_02_16_09_29_03]   Best model saved with val_loss: 0.1435
[2026_02_16_09_32_48] Epoch [3/5]
[2026_02_16_09_32_48]   Train Loss: 0.0560, Train Acc: 0.9824
[2026_02_16_09_32_48]   Val   Loss: 0.1177, Val   Acc: 0.9620
[2026_02_16_09_32_48]   Best model saved with val_loss: 0.1177
[2026_02_16_09_36_36] Epoch [4/5]
[2026_02_16_09_36_36]   Train Loss: 0.0464, Train Acc: 0.9846
[2026_02_16_09_36_36]   Val   Loss: 0.1215, Val   Acc: 0.9644
[2026_02_16_09_36_36]   No improvement. Early stopping counter: 1/3
[2026_02_16_09_40_23] Epoch [5/5]
[2026_02_16_09_40_23]   Train Loss: 0.0377, Train Acc: 0.9880
[2026_02_16_09_40_23]   Val   Loss: 0.1146, Val   Acc: 0.9608
[2026_02_16_09_40_23]   Best model saved with val_loss: 0.1146
[2026_02_16_09_40_23] 
========== BEST MODEL SUMMARY ==========
[2026_02_16_09_40_23] Best Epoch      : 5
[2026_02_16_09_40_23] Val Loss        : 0.1146
[2026_02_16_09_40_23] ========================================
