[2026_03_03_23_36_49] Training started.
[2026_03_03_23_39_44] Epoch [1/5]
[2026_03_03_23_39_44]   Train Loss: 0.0963, Train Acc: 0.9739
[2026_03_03_23_39_44]   Val   Loss: 0.2013, Val   Acc: 0.9476
[2026_03_03_23_39_44]   Best model saved with val_loss: 0.2013
[2026_03_03_23_42_40] Epoch [2/5]
[2026_03_03_23_42_40]   Train Loss: 0.0640, Train Acc: 0.9826
[2026_03_03_23_42_40]   Val   Loss: 0.1750, Val   Acc: 0.9528
[2026_03_03_23_42_40]   Best model saved with val_loss: 0.1750
[2026_03_03_23_45_33] Epoch [3/5]
[2026_03_03_23_45_33]   Train Loss: 0.0512, Train Acc: 0.9850
[2026_03_03_23_45_33]   Val   Loss: 0.1745, Val   Acc: 0.9482
[2026_03_03_23_45_34]   Best model saved with val_loss: 0.1745
[2026_03_03_23_48_21] Epoch [4/5]
[2026_03_03_23_48_21]   Train Loss: 0.0388, Train Acc: 0.9878
[2026_03_03_23_48_21]   Val   Loss: 0.2268, Val   Acc: 0.9516
[2026_03_03_23_48_21]   No improvement. Early stopping counter: 1/3
[2026_03_03_23_50_41] Epoch [5/5]
[2026_03_03_23_50_41]   Train Loss: 0.0272, Train Acc: 0.9906
[2026_03_03_23_50_41]   Val   Loss: 0.2773, Val   Acc: 0.9523
[2026_03_03_23_50_41]   No improvement. Early stopping counter: 2/3
[2026_03_03_23_50_41] 
========== BEST MODEL SUMMARY ==========
[2026_03_03_23_50_41] Best Epoch      : 3
[2026_03_03_23_50_41] Val Loss        : 0.1745
[2026_03_03_23_50_41] ========================================
