[2026_03_08_02_09_02] Training started.
[2026_03_08_02_11_03] Epoch [1/5]
[2026_03_08_02_11_03]   Train Loss: 0.0880, Train Acc: 0.9713
[2026_03_08_02_11_03]   Val   Loss: 0.0930, Val   Acc: 0.9680
[2026_03_08_02_11_03]   Best model saved with val_loss: 0.0930
[2026_03_08_02_13_01] Epoch [2/5]
[2026_03_08_02_13_01]   Train Loss: 0.0447, Train Acc: 0.9862
[2026_03_08_02_13_01]   Val   Loss: 0.0906, Val   Acc: 0.9675
[2026_03_08_02_13_01]   Best model saved with val_loss: 0.0906
[2026_03_08_02_14_58] Epoch [3/5]
[2026_03_08_02_14_58]   Train Loss: 0.0308, Train Acc: 0.9898
[2026_03_08_02_14_58]   Val   Loss: 0.1186, Val   Acc: 0.9637
[2026_03_08_02_14_58]   No improvement. Early stopping counter: 1/3
[2026_03_08_02_16_56] Epoch [4/5]
[2026_03_08_02_16_56]   Train Loss: 0.0216, Train Acc: 0.9928
[2026_03_08_02_16_56]   Val   Loss: 0.1065, Val   Acc: 0.9694
[2026_03_08_02_16_56]   No improvement. Early stopping counter: 2/3
[2026_03_08_02_18_55] Epoch [5/5]
[2026_03_08_02_18_55]   Train Loss: 0.0166, Train Acc: 0.9941
[2026_03_08_02_18_55]   Val   Loss: 0.1886, Val   Acc: 0.9548
[2026_03_08_02_18_55]   No improvement. Early stopping counter: 3/3
[2026_03_08_02_18_55]   Early stopping triggered. Training stopped.
[2026_03_08_02_18_55] 
========== BEST MODEL SUMMARY ==========
[2026_03_08_02_18_55] Best Epoch      : 2
[2026_03_08_02_18_55] Val Loss        : 0.0906
[2026_03_08_02_18_55] ========================================
